#! /usr/bin/vvp
:ivl_version "11.0 (stable)";
:ivl_delay_selection "TYPICAL";
:vpi_time_precision + 0;
:vpi_module "/usr/lib/x86_64-linux-gnu/ivl/system.vpi";
:vpi_module "/usr/lib/x86_64-linux-gnu/ivl/vhdl_sys.vpi";
:vpi_module "/usr/lib/x86_64-linux-gnu/ivl/vhdl_textio.vpi";
:vpi_module "/usr/lib/x86_64-linux-gnu/ivl/v2005_math.vpi";
:vpi_module "/usr/lib/x86_64-linux-gnu/ivl/va_math.vpi";
S_0x558e02764df0 .scope module, "EXTENSION" "EXTENSION" 2 1;
 .timescale 0 0;
    .port_info 0 /INPUT 26 "Instr";
    .port_info 1 /INPUT 2 "ImmControl";
    .port_info 2 /OUTPUT 32 "ExtendedImm";
P_0x558e02766620 .param/l "B" 0 2 8, +C4<00000000000000000000000000000010>;
P_0x558e02766660 .param/l "I" 0 2 6, +C4<00000000000000000000000000000000>;
P_0x558e027666a0 .param/l "S" 0 2 7, +C4<00000000000000000000000000000001>;
v0x558e0278bab0_0 .var "ExtendedImm", 31 0;
o0x7f45d64e4048 .functor BUFZ 2, C4<zz>; HiZ drive
v0x558e027af7e0_0 .net "ImmControl", 1 0, o0x7f45d64e4048;  0 drivers
o0x7f45d64e4078 .functor BUFZ 26, C4<zzzzzzzzzzzzzzzzzzzzzzzzzz>; HiZ drive
v0x558e027af8c0_0 .net "Instr", 25 0, o0x7f45d64e4078;  0 drivers
E_0x558e02765870 .event edge, v0x558e027af7e0_0, v0x558e027af8c0_0;
    .scope S_0x558e02764df0;
T_0 ;
    %wait E_0x558e02765870;
    %load/vec4 v0x558e027af7e0_0;
    %dup/vec4;
    %pushi/vec4 0, 0, 2;
    %cmp/u;
    %jmp/1 T_0.0, 6;
    %dup/vec4;
    %pushi/vec4 1, 0, 2;
    %cmp/u;
    %jmp/1 T_0.1, 6;
    %dup/vec4;
    %pushi/vec4 2, 0, 2;
    %cmp/u;
    %jmp/1 T_0.2, 6;
    %jmp T_0.3;
T_0.0 ;
    %pushi/vec4 1048575, 1048575, 20;
    %load/vec4 v0x558e027af8c0_0;
    %parti/s 12, 20, 6;
    %concat/vec4; draw_concat_vec4
    %assign/vec4 v0x558e0278bab0_0, 0;
    %jmp T_0.3;
T_0.1 ;
    %pushi/vec4 1048575, 1048575, 20;
    %load/vec4 v0x558e027af8c0_0;
    %parti/s 7, 25, 6;
    %concat/vec4; draw_concat_vec4
    %load/vec4 v0x558e027af8c0_0;
    %parti/s 5, 7, 4;
    %concat/vec4; draw_concat_vec4
    %assign/vec4 v0x558e0278bab0_0, 0;
    %jmp T_0.3;
T_0.2 ;
    %pushi/vec4 1048575, 1048575, 20;
    %load/vec4 v0x558e027af8c0_0;
    %parti/s 1, 7, 4;
    %concat/vec4; draw_concat_vec4
    %load/vec4 v0x558e027af8c0_0;
    %parti/s 6, 25, 6;
    %concat/vec4; draw_concat_vec4
    %load/vec4 v0x558e027af8c0_0;
    %parti/s 4, 8, 5;
    %concat/vec4; draw_concat_vec4
    %concati/vec4 0, 0, 1;
    %assign/vec4 v0x558e0278bab0_0, 0;
    %jmp T_0.3;
T_0.3 ;
    %pop/vec4 1;
    %jmp T_0;
    .thread T_0, $push;
# The file index is used to find the file name in the following table.
:file_names 3;
    "N/A";
    "<interactive>";
    "Extender.v";
